\BOOKMARK [0][-]{chapter*.2}{\040\040List\040of\040Figures}{}% 1
\BOOKMARK [0][-]{chapter*.3}{\040\040List\040of\040Tables}{}% 2
\BOOKMARK [0][-]{section*.4}{\040\040Abstract}{}% 3
\BOOKMARK [0][-]{chapter.1}{Introduction}{}% 4
\BOOKMARK [1][-]{section.1.1}{Background}{chapter.1}% 5
\BOOKMARK [1][-]{section.1.2}{Motivation\040and\040Contributions}{chapter.1}% 6
\BOOKMARK [1][-]{section.1.3}{Paper\040Organization}{chapter.1}% 7
\BOOKMARK [0][-]{chapter.2}{Preliminaries}{}% 8
\BOOKMARK [1][-]{section.2.1}{Wi-FI\040Channel\040State\040Information}{chapter.2}% 9
\BOOKMARK [0][-]{chapter.3}{Related\040Works}{}% 10
\BOOKMARK [1][-]{section.3.1}{Deep\040Metric\040Learning}{chapter.3}% 11
\BOOKMARK [2][-]{subsection.3.1.1}{Triplet\040Network}{section.3.1}% 12
\BOOKMARK [2][-]{subsection.3.1.2}{Siamese\040Networks}{section.3.1}% 13
\BOOKMARK [1][-]{section.3.2}{the\040Kernel\040and\040the\040Range\040space\040learning}{chapter.3}% 14
\BOOKMARK [0][-]{chapter.4}{The\040proposed\040System}{}% 15
\BOOKMARK [1][-]{section.4.1}{Preprocessing}{chapter.4}% 16
\BOOKMARK [1][-]{section.4.2}{Proposed\040Methodology}{chapter.4}% 17
\BOOKMARK [2][-]{subsection.4.2.1}{Triplet\040Loss}{section.4.2}% 18
\BOOKMARK [2][-]{subsection.4.2.2}{Triplet\040Mining\040Based\040on\040KAR\040Space\040Learning}{section.4.2}% 19
\BOOKMARK [2][-]{subsection.4.2.3}{ConvNet\040Structures}{section.4.2}% 20
\BOOKMARK [0][-]{chapter.5}{Experiments}{}% 21
\BOOKMARK [1][-]{section.5.1}{Data\040set}{chapter.5}% 22
\BOOKMARK [1][-]{section.5.2}{Experimental\040Parameters}{chapter.5}% 23
\BOOKMARK [1][-]{section.5.3}{Experimental\040Results}{chapter.5}% 24
\BOOKMARK [2][-]{subsection.5.3.1}{Performance}{section.5.3}% 25
\BOOKMARK [2][-]{subsection.5.3.2}{Convergence\040Speed}{section.5.3}% 26
\BOOKMARK [2][-]{subsection.5.3.3}{Feature\040Vector\040Size\040Effect}{section.5.3}% 27
\BOOKMARK [2][-]{subsection.5.3.4}{2D\040Visualization\040of\040the\040Feature\040Vectors}{section.5.3}% 28
\BOOKMARK [0][-]{chapter.6}{Conclusions\040and\040Future\040Works}{}% 29
\BOOKMARK [1][-]{section.6.1}{Conclusions}{chapter.6}% 30
\BOOKMARK [0][-]{section.6.1}{\040\040Bibliography}{}% 31
\BOOKMARK [0][-]{chapter*.18}{\040\040Summary\040\(in\040Korean\)}{}% 32
