\BOOKMARK [0][-]{chapter*.2}{\040\040List\040of\040Figures}{}% 1
\BOOKMARK [0][-]{chapter*.3}{\040\040List\040of\040Tables}{}% 2
\BOOKMARK [0][-]{section*.4}{\040\040Abstract}{}% 3
\BOOKMARK [0][-]{chapter.1}{Introduction}{}% 4
\BOOKMARK [1][-]{section.1.1}{Background}{chapter.1}% 5
\BOOKMARK [1][-]{section.1.2}{Motivation\040and\040Contributions}{chapter.1}% 6
\BOOKMARK [1][-]{section.1.3}{Organization\040of\040Thesis}{chapter.1}% 7
\BOOKMARK [0][-]{chapter.2}{Literature\040Survey}{}% 8
\BOOKMARK [1][-]{section.2.1}{In-Air\040Signature\040Recognition}{chapter.2}% 9
\BOOKMARK [1][-]{section.2.2}{Wi-Fi\040Signal\040based\040Human\040Activity\040Recognition}{chapter.2}% 10
\BOOKMARK [2][-]{subsection.2.2.1}{Wi-Fi\040based\040Human\040Gesture\040Recognition\040Works}{section.2.2}% 11
\BOOKMARK [2][-]{subsection.2.2.2}{Wi-Fi\040based\040Person\040Identification\040Works}{section.2.2}% 12
\BOOKMARK [0][-]{chapter.3}{Preliminaries}{}% 13
\BOOKMARK [1][-]{section.3.1}{Biometric\040Identification\040System}{chapter.3}% 14
\BOOKMARK [1][-]{section.3.2}{Evaluation\040metrics}{chapter.3}% 15
\BOOKMARK [1][-]{section.3.3}{Received\040Signal\040Strength\040Indicator}{chapter.3}% 16
\BOOKMARK [1][-]{section.3.4}{Channel\040State\040Information}{chapter.3}% 17
\BOOKMARK [2][-]{subsection.3.4.1}{Multiple-Input\040and\040Multiple-Output}{section.3.4}% 18
\BOOKMARK [1][-]{section.3.5}{Shift\040Matrix}{chapter.3}% 19
\BOOKMARK [1][-]{section.3.6}{Metric\040Learning}{chapter.3}% 20
\BOOKMARK [0][-]{chapter.4}{Proposed\040System}{}% 21
\BOOKMARK [1][-]{section.4.1}{Overview\040of\040the\040Proposed\040System}{chapter.4}% 22
\BOOKMARK [1][-]{section.4.2}{Preprocessing}{chapter.4}% 23
\BOOKMARK [1][-]{section.4.3}{Proposed\040Methodology}{chapter.4}% 24
\BOOKMARK [2][-]{subsection.4.3.1}{Triplet\040loss}{section.4.3}% 25
\BOOKMARK [2][-]{subsection.4.3.2}{Triplet\040Mining\040based\040on\040the\040Kernel\040and\040the\040Range\040space\040learning}{section.4.3}% 26
\BOOKMARK [2][-]{subsection.4.3.3}{The\040ConvNet\040structures}{section.4.3}% 27
\BOOKMARK [0][-]{chapter.5}{Experiments}{}% 28
\BOOKMARK [1][-]{section.5.1}{Data\040set}{chapter.5}% 29
\BOOKMARK [1][-]{section.5.2}{Experimental\040Settings}{chapter.5}% 30
\BOOKMARK [2][-]{subsection.5.2.1}{Evaluation\040Scenarios}{section.5.2}% 31
\BOOKMARK [2][-]{subsection.5.2.2}{Evaluation\040Protocols}{section.5.2}% 32
\BOOKMARK [2][-]{subsection.5.2.3}{Parameter\040Settings}{section.5.2}% 33
\BOOKMARK [1][-]{section.5.3}{Experimental\040Results}{chapter.5}% 34
\BOOKMARK [2][-]{subsection.5.3.1}{Effect\040of\040the\040DC\040Component}{section.5.3}% 35
\BOOKMARK [2][-]{subsection.5.3.2}{Effect\040of\040the\040Weighting\040Scheme}{section.5.3}% 36
\BOOKMARK [2][-]{subsection.5.3.3}{Effect\040of\040the\040Facing\040Direction\040and\040the\040Position\040of\040the\040Subject}{section.5.3}% 37
\BOOKMARK [2][-]{subsection.5.3.4}{Comparison\040with\040the\040ConvNet}{section.5.3}% 38
\BOOKMARK [0][-]{chapter.6}{Conclusions\040and\040Future\040Works}{}% 39
\BOOKMARK [1][-]{section.6.1}{Conclusions}{chapter.6}% 40
\BOOKMARK [1][-]{section.6.2}{Future\040Works}{chapter.6}% 41
\BOOKMARK [0][-]{Item.4}{\040\040Bibliography}{}% 42
\BOOKMARK [0][-]{chapter*.7}{\040\040Summary\040\(in\040Korean\)}{}% 43
