This is pdfTeX, Version 3.14159265-2.6-1.40.19 (TeX Live 2018/W32TeX) (preloaded format=pdflatex 2018.10.5)  10 APR 2019 14:56
entering extended mode
 restricted \write18 enabled.
 file:line:error style messages enabled.
 %&-line parsing enabled.
**d:/Git/MILab/190410_Paper_ACPR/ver0.tex
(d:/Git/MILab/190410_Paper_ACPR/ver0.tex
LaTeX2e <2018-04-01> patch level 5

! LaTeX Error: File `llncs.cls' not found.

Type X to quit or <RETURN> to proceed,
or enter new name. (Default extension: cls)

Enter file name: 
d:/Git/MILab/190410_Paper_ACPR/ver0.tex:14: Emergency stop.
<read *> 
         
l.14 ^^M
        
*** (cannot \read from terminal in nonstop modes)

 
Here is how much of TeX's memory you used:
 11 strings out of 492639
 293 string characters out of 6133088
 56594 words of memory out of 5000000
 3997 multiletter control sequences out of 15000+600000
 3640 words of font info for 14 fonts, out of 8000000 for 9000
 1141 hyphenation exceptions out of 8191
 10i,0n,8p,115b,8s stack positions out of 5000i,500n,10000p,200000b,80000s
d:/Git/MILab/190410_Paper_ACPR/ver0.tex:14:  ==> Fatal error occurred, no output PDF file produced!
